<?xml version="1.0" encoding="UTF-8"?>
<coverage generated="1624007890318" clover="3.2.0">
  <project timestamp="1624007890318" name="All files">
    <metrics statements="89" coveredstatements="80" conditionals="23" coveredconditionals="21" methods="36" coveredmethods="29" elements="148" coveredelements="130" complexity="0" loc="89" ncloc="89" packages="8" files="25" classes="25"/>
    <package name="src">
      <metrics statements="3" coveredstatements="0" conditionals="0" coveredconditionals="0" methods="1" coveredmethods="0"/>
      <file name="App.js" path="/home/vikenfalk/Documents/CodingFolder/code-challenge/src/App.js">
        <metrics statements="2" coveredstatements="0" conditionals="0" coveredconditionals="0" methods="1" coveredmethods="0"/>
        <line num="6" count="0" type="stmt"/>
        <line num="9" count="0" type="stmt"/>
      </file>
      <file name="index.js" path="/home/vikenfalk/Documents/CodingFolder/code-challenge/src/index.js">
        <metrics statements="1" coveredstatements="0" conditionals="0" coveredconditionals="0" methods="0" coveredmethods="0"/>
        <line num="6" count="0" type="stmt"/>
      </file>
    </package>
    <package name="src.api">
      <metrics statements="12" coveredstatements="12" conditionals="0" coveredconditionals="0" methods="7" coveredmethods="7"/>
      <file name="apiStates.js" path="/home/vikenfalk/Documents/CodingFolder/code-challenge/src/api/apiStates.js">
        <metrics statements="1" coveredstatements="1" conditionals="0" coveredconditionals="0" methods="0" coveredmethods="0"/>
        <line num="5" count="14" type="stmt"/>
      </file>
      <file name="index.js" path="/home/vikenfalk/Documents/CodingFolder/code-challenge/src/api/index.js">
        <metrics statements="0" coveredstatements="0" conditionals="0" coveredconditionals="0" methods="0" coveredmethods="0"/>
      </file>
      <file name="useApi.js" path="/home/vikenfalk/Documents/CodingFolder/code-challenge/src/api/useApi.js">
        <metrics statements="11" coveredstatements="11" conditionals="0" coveredconditionals="0" methods="7" coveredmethods="7"/>
        <line num="13" count="12" type="stmt"/>
        <line num="19" count="12" type="stmt"/>
        <line num="21" count="12" type="stmt"/>
        <line num="22" count="5" type="stmt"/>
        <line num="27" count="5" type="stmt"/>
        <line num="28" count="1" type="stmt"/>
        <line num="30" count="1" type="stmt"/>
        <line num="36" count="1" type="stmt"/>
        <line num="43" count="12" type="stmt"/>
        <line num="44" count="5" type="stmt"/>
        <line num="47" count="12" type="stmt"/>
      </file>
    </package>
    <package name="src.components">
      <metrics statements="29" coveredstatements="27" conditionals="23" coveredconditionals="21" methods="11" coveredmethods="9"/>
      <file name="Avatar.js" path="/home/vikenfalk/Documents/CodingFolder/code-challenge/src/components/Avatar.js">
        <metrics statements="9" coveredstatements="7" conditionals="3" coveredconditionals="1" methods="2" coveredmethods="2"/>
        <line num="14" count="13" type="stmt"/>
        <line num="15" count="6" type="stmt"/>
        <line num="17" count="6" type="stmt"/>
        <line num="18" count="6" type="cond" truecount="1" falsecount="2"/>
        <line num="20" count="0" type="stmt"/>
        <line num="22" count="0" type="stmt"/>
        <line num="28" count="6" type="stmt"/>
        <line num="31" count="6" type="stmt"/>
        <line num="34" count="13" type="stmt"/>
      </file>
      <file name="ButtonPrimary.js" path="/home/vikenfalk/Documents/CodingFolder/code-challenge/src/components/ButtonPrimary.js">
        <metrics statements="3" coveredstatements="3" conditionals="5" coveredconditionals="5" methods="2" coveredmethods="1"/>
        <line num="13" count="13" type="stmt"/>
        <line num="19" count="26" type="stmt"/>
        <line num="32" count="13" type="stmt"/>
      </file>
      <file name="ButtonSecondary.js" path="/home/vikenfalk/Documents/CodingFolder/code-challenge/src/components/ButtonSecondary.js">
        <metrics statements="3" coveredstatements="3" conditionals="1" coveredconditionals="1" methods="2" coveredmethods="1"/>
        <line num="11" count="13" type="cond" truecount="1" falsecount="0"/>
        <line num="12" count="29" type="stmt"/>
        <line num="21" count="13" type="stmt"/>
      </file>
      <file name="CheckBox.js" path="/home/vikenfalk/Documents/CodingFolder/code-challenge/src/components/CheckBox.js">
        <metrics statements="3" coveredstatements="3" conditionals="5" coveredconditionals="5" methods="1" coveredmethods="1"/>
        <line num="16" count="13" type="cond" truecount="2" falsecount="0"/>
        <line num="17" count="14" type="stmt"/>
        <line num="35" count="13" type="stmt"/>
      </file>
      <file name="Error.js" path="/home/vikenfalk/Documents/CodingFolder/code-challenge/src/components/Error.js">
        <metrics statements="3" coveredstatements="3" conditionals="0" coveredconditionals="0" methods="1" coveredmethods="1"/>
        <line num="11" count="13" type="stmt"/>
        <line num="12" count="4" type="stmt"/>
        <line num="21" count="13" type="stmt"/>
      </file>
      <file name="Header.js" path="/home/vikenfalk/Documents/CodingFolder/code-challenge/src/components/Header.js">
        <metrics statements="3" coveredstatements="3" conditionals="0" coveredconditionals="0" methods="1" coveredmethods="1"/>
        <line num="10" count="13" type="stmt"/>
        <line num="11" count="23" type="stmt"/>
        <line num="16" count="13" type="stmt"/>
      </file>
      <file name="Loader.js" path="/home/vikenfalk/Documents/CodingFolder/code-challenge/src/components/Loader.js">
        <metrics statements="2" coveredstatements="2" conditionals="0" coveredconditionals="0" methods="1" coveredmethods="1"/>
        <line num="8" count="13" type="stmt"/>
        <line num="9" count="8" type="stmt"/>
      </file>
      <file name="TextInput.js" path="/home/vikenfalk/Documents/CodingFolder/code-challenge/src/components/TextInput.js">
        <metrics statements="3" coveredstatements="3" conditionals="9" coveredconditionals="9" methods="1" coveredmethods="1"/>
        <line num="17" count="13" type="stmt"/>
        <line num="25" count="45" type="stmt"/>
        <line num="52" count="13" type="stmt"/>
      </file>
      <file name="index.js" path="/home/vikenfalk/Documents/CodingFolder/code-challenge/src/components/index.js">
        <metrics statements="0" coveredstatements="0" conditionals="0" coveredconditionals="0" methods="0" coveredmethods="0"/>
      </file>
    </package>
    <package name="src.globalState">
      <metrics statements="3" coveredstatements="3" conditionals="0" coveredconditionals="0" methods="1" coveredmethods="1"/>
      <file name="store.js" path="/home/vikenfalk/Documents/CodingFolder/code-challenge/src/globalState/store.js">
        <metrics statements="1" coveredstatements="1" conditionals="0" coveredconditionals="0" methods="0" coveredmethods="0"/>
        <line num="5" count="1" type="stmt"/>
      </file>
      <file name="updateState.js" path="/home/vikenfalk/Documents/CodingFolder/code-challenge/src/globalState/updateState.js">
        <metrics statements="2" coveredstatements="2" conditionals="0" coveredconditionals="0" methods="1" coveredmethods="1"/>
        <line num="9" count="7" type="stmt"/>
        <line num="17" count="7" type="stmt"/>
      </file>
    </package>
    <package name="src.pages">
      <metrics statements="35" coveredstatements="31" conditionals="0" coveredconditionals="0" methods="13" coveredmethods="9"/>
      <file name="EmailAndConsent.js" path="/home/vikenfalk/Documents/CodingFolder/code-challenge/src/pages/EmailAndConsent.js">
        <metrics statements="9" coveredstatements="7" conditionals="0" coveredconditionals="0" methods="3" coveredmethods="1"/>
        <line num="19" count="6" type="stmt"/>
        <line num="24" count="11" type="stmt"/>
        <line num="25" count="11" type="stmt"/>
        <line num="26" count="11" type="stmt"/>
        <line num="28" count="11" type="stmt"/>
        <line num="30" count="11" type="stmt"/>
        <line num="31" count="0" type="stmt"/>
        <line num="32" count="0" type="stmt"/>
        <line num="35" count="11" type="stmt"/>
      </file>
      <file name="GitHubProfile.js" path="/home/vikenfalk/Documents/CodingFolder/code-challenge/src/pages/GitHubProfile.js">
        <metrics statements="6" coveredstatements="6" conditionals="0" coveredconditionals="0" methods="2" coveredmethods="1"/>
        <line num="12" count="6" type="stmt"/>
        <line num="13" count="3" type="stmt"/>
        <line num="14" count="3" type="stmt"/>
        <line num="15" count="3" type="stmt"/>
        <line num="17" count="3" type="stmt"/>
        <line num="19" count="3" type="stmt"/>
      </file>
      <file name="Intro.js" path="/home/vikenfalk/Documents/CodingFolder/code-challenge/src/pages/Intro.js">
        <metrics statements="6" coveredstatements="6" conditionals="0" coveredconditionals="0" methods="3" coveredmethods="3"/>
        <line num="10" count="6" type="stmt"/>
        <line num="11" count="6" type="stmt"/>
        <line num="13" count="6" type="stmt"/>
        <line num="14" count="1" type="stmt"/>
        <line num="17" count="6" type="stmt"/>
        <line num="25" count="1" type="stmt"/>
      </file>
      <file name="NotFound.js" path="/home/vikenfalk/Documents/CodingFolder/code-challenge/src/pages/NotFound.js">
        <metrics statements="5" coveredstatements="5" conditionals="0" coveredconditionals="0" methods="2" coveredmethods="2"/>
        <line num="10" count="6" type="stmt"/>
        <line num="11" count="6" type="stmt"/>
        <line num="13" count="6" type="stmt"/>
        <line num="14" count="1" type="stmt"/>
        <line num="17" count="6" type="stmt"/>
      </file>
      <file name="PersonalData.js" path="/home/vikenfalk/Documents/CodingFolder/code-challenge/src/pages/PersonalData.js">
        <metrics statements="9" coveredstatements="7" conditionals="0" coveredconditionals="0" methods="3" coveredmethods="2"/>
        <line num="14" count="6" type="stmt"/>
        <line num="22" count="12" type="stmt"/>
        <line num="24" count="12" type="stmt"/>
        <line num="25" count="12" type="stmt"/>
        <line num="27" count="12" type="stmt"/>
        <line num="28" count="0" type="stmt"/>
        <line num="29" count="0" type="stmt"/>
        <line num="32" count="12" type="stmt"/>
        <line num="34" count="12" type="stmt"/>
      </file>
      <file name="index.js" path="/home/vikenfalk/Documents/CodingFolder/code-challenge/src/pages/index.js">
        <metrics statements="0" coveredstatements="0" conditionals="0" coveredconditionals="0" methods="0" coveredmethods="0"/>
      </file>
    </package>
    <package name="src.routes">
      <metrics statements="2" coveredstatements="2" conditionals="0" coveredconditionals="0" methods="1" coveredmethods="1"/>
      <file name="routes.js" path="/home/vikenfalk/Documents/CodingFolder/code-challenge/src/routes/routes.js">
        <metrics statements="2" coveredstatements="2" conditionals="0" coveredconditionals="0" methods="1" coveredmethods="1"/>
        <line num="17" count="1" type="stmt"/>
        <line num="18" count="6" type="stmt"/>
      </file>
    </package>
    <package name="src.tests">
      <metrics statements="4" coveredstatements="4" conditionals="0" coveredconditionals="0" methods="2" coveredmethods="2"/>
      <file name="testUtils.js" path="/home/vikenfalk/Documents/CodingFolder/code-challenge/src/tests/testUtils.js">
        <metrics statements="4" coveredstatements="4" conditionals="0" coveredconditionals="0" methods="2" coveredmethods="2"/>
        <line num="9" count="12" type="stmt"/>
        <line num="10" count="25" type="stmt"/>
        <line num="19" count="12" type="stmt"/>
        <line num="20" count="7" type="stmt"/>
      </file>
    </package>
    <package name="src.tests.globalState.helperData">
      <metrics statements="1" coveredstatements="1" conditionals="0" coveredconditionals="0" methods="0" coveredmethods="0"/>
      <file name="data.js" path="/home/vikenfalk/Documents/CodingFolder/code-challenge/src/tests/globalState/helperData/data.js">
        <metrics statements="1" coveredstatements="1" conditionals="0" coveredconditionals="0" methods="0" coveredmethods="0"/>
        <line num="1" count="2" type="stmt"/>
      </file>
    </package>
  </project>
</coverage>
