{"/home/vikenfalk/Documents/CodingFolder/code-challenge/src/App.js": {"path":"/home/vikenfalk/Documents/CodingFolder/code-challenge/src/App.js","statementMap":{"0":{"start":{"line":6,"column":0},"end":{"line":6,"column":19}},"1":{"start":{"line":9,"column":4},"end":{"line":15,"column":6}}},"fnMap":{"0":{"name":"App","decl":{"start":{"line":8,"column":24},"end":{"line":8,"column":27}},"loc":{"start":{"line":8,"column":30},"end":{"line":16,"column":1}},"line":8}},"branchMap":{},"s":{"0":0,"1":0},"f":{"0":0},"b":{}}
,"/home/vikenfalk/Documents/CodingFolder/code-challenge/src/index.js": {"path":"/home/vikenfalk/Documents/CodingFolder/code-challenge/src/index.js","statementMap":{"0":{"start":{"line":6,"column":0},"end":{"line":11,"column":2}}},"fnMap":{},"branchMap":{},"s":{"0":0},"f":{},"b":{}}
,"/home/vikenfalk/Documents/CodingFolder/code-challenge/src/api/apiStates.js": {"path":"/home/vikenfalk/Documents/CodingFolder/code-challenge/src/api/apiStates.js","statementMap":{"0":{"start":{"line":5,"column":18},"end":{"line":9,"column":1}}},"fnMap":{},"branchMap":{},"s":{"0":14},"f":{},"b":{},"_coverageSchema":"1a1c01bbd47fc00a2c39e90264f33305004495a9","hash":"e1cfc3590b9e125d755bc0694030a6d013404127"}
,"/home/vikenfalk/Documents/CodingFolder/code-challenge/src/api/index.js": {"path":"/home/vikenfalk/Documents/CodingFolder/code-challenge/src/api/index.js","statementMap":{},"fnMap":{},"branchMap":{},"s":{},"f":{},"b":{},"_coverageSchema":"1a1c01bbd47fc00a2c39e90264f33305004495a9","hash":"732e7a5abda4c8e36663130f6740f2dbdaf21ba1"}
,"/home/vikenfalk/Documents/CodingFolder/code-challenge/src/api/useApi.js": {"path":"/home/vikenfalk/Documents/CodingFolder/code-challenge/src/api/useApi.js","statementMap":{"0":{"start":{"line":13,"column":28},"end":{"line":17,"column":6}},"1":{"start":{"line":19,"column":24},"end":{"line":19,"column":75}},"2":{"start":{"line":19,"column":41},"end":{"line":19,"column":75}},"3":{"start":{"line":21,"column":22},"end":{"line":41,"column":5}},"4":{"start":{"line":22,"column":8},"end":{"line":26,"column":11}},"5":{"start":{"line":27,"column":8},"end":{"line":40,"column":14}},"6":{"start":{"line":28,"column":28},"end":{"line":28,"column":39}},"7":{"start":{"line":30,"column":16},"end":{"line":33,"column":19}},"8":{"start":{"line":36,"column":16},"end":{"line":39,"column":18}},"9":{"start":{"line":43,"column":4},"end":{"line":45,"column":11}},"10":{"start":{"line":44,"column":8},"end":{"line":44,"column":20}},"11":{"start":{"line":47,"column":4},"end":{"line":47,"column":16}}},"fnMap":{"0":{"name":"(anonymous_0)","decl":{"start":{"line":12,"column":15},"end":{"line":12,"column":16}},"loc":{"start":{"line":12,"column":24},"end":{"line":48,"column":1}},"line":12},"1":{"name":"(anonymous_1)","decl":{"start":{"line":19,"column":24},"end":{"line":19,"column":25}},"loc":{"start":{"line":19,"column":41},"end":{"line":19,"column":75}},"line":19},"2":{"name":"(anonymous_2)","decl":{"start":{"line":21,"column":22},"end":{"line":21,"column":23}},"loc":{"start":{"line":21,"column":28},"end":{"line":41,"column":5}},"line":21},"3":{"name":"(anonymous_3)","decl":{"start":{"line":28,"column":18},"end":{"line":28,"column":19}},"loc":{"start":{"line":28,"column":28},"end":{"line":28,"column":39}},"line":28},"4":{"name":"(anonymous_4)","decl":{"start":{"line":29,"column":18},"end":{"line":29,"column":19}},"loc":{"start":{"line":29,"column":36},"end":{"line":34,"column":13}},"line":29},"5":{"name":"(anonymous_5)","decl":{"start":{"line":35,"column":19},"end":{"line":35,"column":20}},"loc":{"start":{"line":36,"column":16},"end":{"line":39,"column":18}},"line":36},"6":{"name":"(anonymous_6)","decl":{"start":{"line":43,"column":14},"end":{"line":43,"column":15}},"loc":{"start":{"line":43,"column":20},"end":{"line":45,"column":5}},"line":43}},"branchMap":{},"s":{"0":12,"1":12,"2":7,"3":12,"4":5,"5":5,"6":1,"7":1,"8":1,"9":12,"10":5,"11":12},"f":{"0":12,"1":7,"2":5,"3":1,"4":1,"5":1,"6":5},"b":{},"_coverageSchema":"1a1c01bbd47fc00a2c39e90264f33305004495a9","hash":"1ec7bff9ed3b8d94979ca136d675800ecfbb712a"}
,"/home/vikenfalk/Documents/CodingFolder/code-challenge/src/components/Avatar.js": {"path":"/home/vikenfalk/Documents/CodingFolder/code-challenge/src/components/Avatar.js","statementMap":{"0":{"start":{"line":14,"column":15},"end":{"line":32,"column":1}},"1":{"start":{"line":15,"column":33},"end":{"line":15,"column":55}},"2":{"start":{"line":17,"column":20},"end":{"line":30,"column":5}},"3":{"start":{"line":18,"column":8},"end":{"line":29,"column":9}},"4":{"start":{"line":20,"column":16},"end":{"line":20,"column":47}},"5":{"start":{"line":22,"column":16},"end":{"line":26,"column":18}},"6":{"start":{"line":28,"column":16},"end":{"line":28,"column":34}},"7":{"start":{"line":31,"column":4},"end":{"line":31,"column":23}},"8":{"start":{"line":34,"column":0},"end":{"line":36,"column":2}}},"fnMap":{"0":{"name":"(anonymous_0)","decl":{"start":{"line":14,"column":15},"end":{"line":14,"column":16}},"loc":{"start":{"line":14,"column":37},"end":{"line":32,"column":1}},"line":14},"1":{"name":"(anonymous_1)","decl":{"start":{"line":17,"column":20},"end":{"line":17,"column":21}},"loc":{"start":{"line":17,"column":26},"end":{"line":30,"column":5}},"line":17}},"branchMap":{"0":{"loc":{"start":{"line":18,"column":8},"end":{"line":29,"column":9}},"type":"switch","locations":[{"start":{"line":19,"column":12},"end":{"line":20,"column":47}},{"start":{"line":21,"column":12},"end":{"line":26,"column":18}},{"start":{"line":27,"column":12},"end":{"line":28,"column":34}}],"line":18}},"s":{"0":13,"1":6,"2":6,"3":6,"4":0,"5":0,"6":6,"7":6,"8":13},"f":{"0":6,"1":6},"b":{"0":[0,0,6]},"_coverageSchema":"1a1c01bbd47fc00a2c39e90264f33305004495a9","hash":"aaf8d85fa3305b622297a24b9822aaeb024689a7"}
,"/home/vikenfalk/Documents/CodingFolder/code-challenge/src/components/ButtonPrimary.js": {"path":"/home/vikenfalk/Documents/CodingFolder/code-challenge/src/components/ButtonPrimary.js","statementMap":{"0":{"start":{"line":13,"column":22},"end":{"line":30,"column":1}},"1":{"start":{"line":19,"column":4},"end":{"line":29,"column":13}},"2":{"start":{"line":32,"column":0},"end":{"line":37,"column":2}}},"fnMap":{"0":{"name":"(anonymous_0)","decl":{"start":{"line":13,"column":22},"end":{"line":13,"column":23}},"loc":{"start":{"line":19,"column":4},"end":{"line":29,"column":13}},"line":19},"1":{"name":"(anonymous_1)","decl":{"start":{"line":15,"column":14},"end":{"line":15,"column":15}},"loc":{"start":{"line":15,"column":20},"end":{"line":15,"column":22}},"line":15}},"branchMap":{"0":{"loc":{"start":{"line":15,"column":4},"end":{"line":15,"column":22}},"type":"default-arg","locations":[{"start":{"line":15,"column":14},"end":{"line":15,"column":22}}],"line":15},"1":{"loc":{"start":{"line":16,"column":4},"end":{"line":16,"column":20}},"type":"default-arg","locations":[{"start":{"line":16,"column":16},"end":{"line":16,"column":20}}],"line":16},"2":{"loc":{"start":{"line":17,"column":4},"end":{"line":17,"column":19}},"type":"default-arg","locations":[{"start":{"line":17,"column":11},"end":{"line":17,"column":19}}],"line":17},"3":{"loc":{"start":{"line":25,"column":12},"end":{"line":25,"column":46}},"type":"cond-expr","locations":[{"start":{"line":25,"column":24},"end":{"line":25,"column":33}},{"start":{"line":25,"column":36},"end":{"line":25,"column":46}}],"line":25}},"s":{"0":13,"1":26,"2":13},"f":{"0":26,"1":0},"b":{"0":[23],"1":[4],"2":[4],"3":[6,20]},"_coverageSchema":"1a1c01bbd47fc00a2c39e90264f33305004495a9","hash":"145778098a32424c71f73f430dfdc186b2b403c6"}
,"/home/vikenfalk/Documents/CodingFolder/code-challenge/src/components/ButtonSecondary.js": {"path":"/home/vikenfalk/Documents/CodingFolder/code-challenge/src/components/ButtonSecondary.js","statementMap":{"0":{"start":{"line":11,"column":24},"end":{"line":19,"column":1}},"1":{"start":{"line":12,"column":4},"end":{"line":18,"column":13}},"2":{"start":{"line":21,"column":0},"end":{"line":24,"column":2}}},"fnMap":{"0":{"name":"(anonymous_0)","decl":{"start":{"line":11,"column":24},"end":{"line":11,"column":25}},"loc":{"start":{"line":12,"column":4},"end":{"line":18,"column":13}},"line":12},"1":{"name":"(anonymous_1)","decl":{"start":{"line":11,"column":42},"end":{"line":11,"column":43}},"loc":{"start":{"line":11,"column":48},"end":{"line":11,"column":50}},"line":11}},"branchMap":{"0":{"loc":{"start":{"line":11,"column":32},"end":{"line":11,"column":50}},"type":"default-arg","locations":[{"start":{"line":11,"column":42},"end":{"line":11,"column":50}}],"line":11}},"s":{"0":13,"1":29,"2":13},"f":{"0":29,"1":0},"b":{"0":[2]},"_coverageSchema":"1a1c01bbd47fc00a2c39e90264f33305004495a9","hash":"fb361b26b681df23ab1acc674e2485f239ff5bb7"}
,"/home/vikenfalk/Documents/CodingFolder/code-challenge/src/components/CheckBox.js": {"path":"/home/vikenfalk/Documents/CodingFolder/code-challenge/src/components/CheckBox.js","statementMap":{"0":{"start":{"line":16,"column":17},"end":{"line":33,"column":1}},"1":{"start":{"line":17,"column":4},"end":{"line":32,"column":10}},"2":{"start":{"line":35,"column":0},"end":{"line":45,"column":2}}},"fnMap":{"0":{"name":"(anonymous_0)","decl":{"start":{"line":16,"column":17},"end":{"line":16,"column":18}},"loc":{"start":{"line":17,"column":4},"end":{"line":32,"column":10}},"line":17}},"branchMap":{"0":{"loc":{"start":{"line":16,"column":42},"end":{"line":16,"column":53}},"type":"default-arg","locations":[{"start":{"line":16,"column":51},"end":{"line":16,"column":53}}],"line":16},"1":{"loc":{"start":{"line":16,"column":55},"end":{"line":16,"column":72}},"type":"default-arg","locations":[{"start":{"line":16,"column":68},"end":{"line":16,"column":72}}],"line":16},"2":{"loc":{"start":{"line":27,"column":9},"end":{"line":31,"column":9}},"type":"binary-expr","locations":[{"start":{"line":27,"column":9},"end":{"line":27,"column":15}},{"start":{"line":27,"column":19},"end":{"line":27,"column":45}},{"start":{"line":28,"column":12},"end":{"line":30,"column":19}}],"line":27}},"s":{"0":13,"1":14,"2":13},"f":{"0":14},"b":{"0":[10],"1":[14],"2":[14,14,2]},"_coverageSchema":"1a1c01bbd47fc00a2c39e90264f33305004495a9","hash":"385dc47c4de1d3ab7bca05114d3f14e257a4eba6"}
,"/home/vikenfalk/Documents/CodingFolder/code-challenge/src/components/Error.js": {"path":"/home/vikenfalk/Documents/CodingFolder/code-challenge/src/components/Error.js","statementMap":{"0":{"start":{"line":11,"column":14},"end":{"line":19,"column":1}},"1":{"start":{"line":12,"column":4},"end":{"line":18,"column":10}},"2":{"start":{"line":21,"column":0},"end":{"line":23,"column":2}}},"fnMap":{"0":{"name":"(anonymous_0)","decl":{"start":{"line":11,"column":14},"end":{"line":11,"column":15}},"loc":{"start":{"line":12,"column":4},"end":{"line":18,"column":10}},"line":12}},"branchMap":{},"s":{"0":13,"1":4,"2":13},"f":{"0":4},"b":{},"_coverageSchema":"1a1c01bbd47fc00a2c39e90264f33305004495a9","hash":"e3590bb5ed8dfe39166dd4b02317a7b4df196eb3"}
,"/home/vikenfalk/Documents/CodingFolder/code-challenge/src/components/Header.js": {"path":"/home/vikenfalk/Documents/CodingFolder/code-challenge/src/components/Header.js","statementMap":{"0":{"start":{"line":10,"column":15},"end":{"line":14,"column":1}},"1":{"start":{"line":11,"column":4},"end":{"line":13,"column":13}},"2":{"start":{"line":16,"column":0},"end":{"line":18,"column":2}}},"fnMap":{"0":{"name":"(anonymous_0)","decl":{"start":{"line":10,"column":15},"end":{"line":10,"column":16}},"loc":{"start":{"line":11,"column":4},"end":{"line":13,"column":13}},"line":11}},"branchMap":{},"s":{"0":13,"1":23,"2":13},"f":{"0":23},"b":{},"_coverageSchema":"1a1c01bbd47fc00a2c39e90264f33305004495a9","hash":"12d841380bde547271d4ee80a09cf10e8a1159d3"}
,"/home/vikenfalk/Documents/CodingFolder/code-challenge/src/components/Loader.js": {"path":"/home/vikenfalk/Documents/CodingFolder/code-challenge/src/components/Loader.js","statementMap":{"0":{"start":{"line":8,"column":15},"end":{"line":12,"column":1}},"1":{"start":{"line":9,"column":4},"end":{"line":11,"column":10}}},"fnMap":{"0":{"name":"(anonymous_0)","decl":{"start":{"line":8,"column":15},"end":{"line":8,"column":16}},"loc":{"start":{"line":9,"column":4},"end":{"line":11,"column":10}},"line":9}},"branchMap":{},"s":{"0":13,"1":8},"f":{"0":8},"b":{},"_coverageSchema":"1a1c01bbd47fc00a2c39e90264f33305004495a9","hash":"16dd95aecd11c7c6a0a73d2f2cc2f321bcc224b3"}
,"/home/vikenfalk/Documents/CodingFolder/code-challenge/src/components/TextInput.js": {"path":"/home/vikenfalk/Documents/CodingFolder/code-challenge/src/components/TextInput.js","statementMap":{"0":{"start":{"line":17,"column":18},"end":{"line":50,"column":1}},"1":{"start":{"line":25,"column":4},"end":{"line":49,"column":10}},"2":{"start":{"line":52,"column":0},"end":{"line":63,"column":2}}},"fnMap":{"0":{"name":"(anonymous_0)","decl":{"start":{"line":17,"column":18},"end":{"line":17,"column":19}},"loc":{"start":{"line":25,"column":4},"end":{"line":49,"column":10}},"line":25}},"branchMap":{"0":{"loc":{"start":{"line":21,"column":4},"end":{"line":21,"column":15}},"type":"default-arg","locations":[{"start":{"line":21,"column":13},"end":{"line":21,"column":15}}],"line":21},"1":{"loc":{"start":{"line":22,"column":4},"end":{"line":22,"column":21}},"type":"default-arg","locations":[{"start":{"line":22,"column":17},"end":{"line":22,"column":21}}],"line":22},"2":{"loc":{"start":{"line":23,"column":4},"end":{"line":23,"column":16}},"type":"default-arg","locations":[{"start":{"line":23,"column":14},"end":{"line":23,"column":16}}],"line":23},"3":{"loc":{"start":{"line":39,"column":9},"end":{"line":43,"column":9}},"type":"binary-expr","locations":[{"start":{"line":39,"column":9},"end":{"line":39,"column":15}},{"start":{"line":39,"column":19},"end":{"line":39,"column":45}},{"start":{"line":40,"column":12},"end":{"line":42,"column":19}}],"line":39},"4":{"loc":{"start":{"line":44,"column":9},"end":{"line":48,"column":9}},"type":"binary-expr","locations":[{"start":{"line":44,"column":9},"end":{"line":44,"column":15}},{"start":{"line":44,"column":19},"end":{"line":44,"column":44}},{"start":{"line":45,"column":12},"end":{"line":47,"column":19}}],"line":44}},"s":{"0":13,"1":45,"2":13},"f":{"0":45},"b":{"0":[36],"1":[45],"2":[34],"3":[45,45,5],"4":[45,45,2]},"_coverageSchema":"1a1c01bbd47fc00a2c39e90264f33305004495a9","hash":"5d675649955094c05592cfcc1c18f1a6c1350d5c"}
,"/home/vikenfalk/Documents/CodingFolder/code-challenge/src/components/index.js": {"path":"/home/vikenfalk/Documents/CodingFolder/code-challenge/src/components/index.js","statementMap":{},"fnMap":{},"branchMap":{},"s":{},"f":{},"b":{},"_coverageSchema":"1a1c01bbd47fc00a2c39e90264f33305004495a9","hash":"2556b0e89738f91d6dc0ea2b00b6eb63d444bf18"}
,"/home/vikenfalk/Documents/CodingFolder/code-challenge/src/globalState/store.js": {"path":"/home/vikenfalk/Documents/CodingFolder/code-challenge/src/globalState/store.js","statementMap":{"0":{"start":{"line":5,"column":14},"end":{"line":13,"column":1}}},"fnMap":{},"branchMap":{},"s":{"0":1},"f":{},"b":{},"_coverageSchema":"1a1c01bbd47fc00a2c39e90264f33305004495a9","hash":"1177c2497bca7e3a5e038f7749a322d73e303e47"}
,"/home/vikenfalk/Documents/CodingFolder/code-challenge/src/globalState/updateState.js": {"path":"/home/vikenfalk/Documents/CodingFolder/code-challenge/src/globalState/updateState.js","statementMap":{"0":{"start":{"line":9,"column":20},"end":{"line":15,"column":2}},"1":{"start":{"line":9,"column":41},"end":{"line":15,"column":1}},"2":{"start":{"line":17,"column":0},"end":{"line":20,"column":2}}},"fnMap":{"0":{"name":"(anonymous_0)","decl":{"start":{"line":9,"column":20},"end":{"line":9,"column":21}},"loc":{"start":{"line":9,"column":41},"end":{"line":15,"column":1}},"line":9}},"branchMap":{},"s":{"0":7,"1":1,"2":7},"f":{"0":1},"b":{},"_coverageSchema":"1a1c01bbd47fc00a2c39e90264f33305004495a9","hash":"19cb6d9ccec500b317599d7ca1e611830ef81fdb"}
,"/home/vikenfalk/Documents/CodingFolder/code-challenge/src/pages/EmailAndConsent.js": {"path":"/home/vikenfalk/Documents/CodingFolder/code-challenge/src/pages/EmailAndConsent.js","statementMap":{"0":{"start":{"line":19,"column":24},"end":{"line":63,"column":1}},"1":{"start":{"line":24,"column":8},"end":{"line":24,"column":35}},"2":{"start":{"line":25,"column":22},"end":{"line":25,"column":66}},"3":{"start":{"line":26,"column":20},"end":{"line":26,"column":32}},"4":{"start":{"line":28,"column":19},"end":{"line":28,"column":41}},"5":{"start":{"line":28,"column":25},"end":{"line":28,"column":41}},"6":{"start":{"line":30,"column":21},"end":{"line":33,"column":5}},"7":{"start":{"line":31,"column":8},"end":{"line":31,"column":35}},"8":{"start":{"line":32,"column":8},"end":{"line":32,"column":40}},"9":{"start":{"line":35,"column":4},"end":{"line":62,"column":6}}},"fnMap":{"0":{"name":"(anonymous_0)","decl":{"start":{"line":19,"column":24},"end":{"line":19,"column":25}},"loc":{"start":{"line":19,"column":30},"end":{"line":63,"column":1}},"line":19},"1":{"name":"(anonymous_1)","decl":{"start":{"line":28,"column":19},"end":{"line":28,"column":20}},"loc":{"start":{"line":28,"column":25},"end":{"line":28,"column":41}},"line":28},"2":{"name":"(anonymous_2)","decl":{"start":{"line":30,"column":21},"end":{"line":30,"column":22}},"loc":{"start":{"line":30,"column":31},"end":{"line":33,"column":5}},"line":30}},"branchMap":{},"s":{"0":6,"1":11,"2":11,"3":11,"4":11,"5":0,"6":11,"7":0,"8":0,"9":11},"f":{"0":11,"1":0,"2":0},"b":{},"_coverageSchema":"1a1c01bbd47fc00a2c39e90264f33305004495a9","hash":"4a4d1986a53f062c28ec19bbc8a57c9926296512"}
,"/home/vikenfalk/Documents/CodingFolder/code-challenge/src/pages/GitHubProfile.js": {"path":"/home/vikenfalk/Documents/CodingFolder/code-challenge/src/pages/GitHubProfile.js","statementMap":{"0":{"start":{"line":12,"column":22},"end":{"line":40,"column":1}},"1":{"start":{"line":13,"column":20},"end":{"line":13,"column":37}},"2":{"start":{"line":14,"column":64},"end":{"line":14,"column":74}},"3":{"start":{"line":15,"column":20},"end":{"line":15,"column":32}},"4":{"start":{"line":17,"column":19},"end":{"line":17,"column":41}},"5":{"start":{"line":17,"column":25},"end":{"line":17,"column":41}},"6":{"start":{"line":19,"column":4},"end":{"line":39,"column":6}}},"fnMap":{"0":{"name":"(anonymous_0)","decl":{"start":{"line":12,"column":22},"end":{"line":12,"column":23}},"loc":{"start":{"line":12,"column":28},"end":{"line":40,"column":1}},"line":12},"1":{"name":"(anonymous_1)","decl":{"start":{"line":17,"column":19},"end":{"line":17,"column":20}},"loc":{"start":{"line":17,"column":25},"end":{"line":17,"column":41}},"line":17}},"branchMap":{},"s":{"0":6,"1":3,"2":3,"3":3,"4":3,"5":0,"6":3},"f":{"0":3,"1":0},"b":{},"_coverageSchema":"1a1c01bbd47fc00a2c39e90264f33305004495a9","hash":"5e07faf073d3e6f6d210f4cd6e7d2629c665ef46"}
,"/home/vikenfalk/Documents/CodingFolder/code-challenge/src/pages/Intro.js": {"path":"/home/vikenfalk/Documents/CodingFolder/code-challenge/src/pages/Intro.js","statementMap":{"0":{"start":{"line":10,"column":14},"end":{"line":28,"column":1}},"1":{"start":{"line":11,"column":20},"end":{"line":11,"column":32}},"2":{"start":{"line":13,"column":20},"end":{"line":15,"column":5}},"3":{"start":{"line":14,"column":8},"end":{"line":14,"column":38}},"4":{"start":{"line":17,"column":4},"end":{"line":27,"column":6}},"5":{"start":{"line":25,"column":54},"end":{"line":25,"column":63}}},"fnMap":{"0":{"name":"(anonymous_0)","decl":{"start":{"line":10,"column":14},"end":{"line":10,"column":15}},"loc":{"start":{"line":10,"column":20},"end":{"line":28,"column":1}},"line":10},"1":{"name":"(anonymous_1)","decl":{"start":{"line":13,"column":20},"end":{"line":13,"column":21}},"loc":{"start":{"line":13,"column":26},"end":{"line":15,"column":5}},"line":13},"2":{"name":"(anonymous_2)","decl":{"start":{"line":25,"column":48},"end":{"line":25,"column":49}},"loc":{"start":{"line":25,"column":54},"end":{"line":25,"column":63}},"line":25}},"branchMap":{},"s":{"0":6,"1":6,"2":6,"3":1,"4":6,"5":1},"f":{"0":6,"1":1,"2":1},"b":{},"_coverageSchema":"1a1c01bbd47fc00a2c39e90264f33305004495a9","hash":"bc273147c9311c3c196cafa50b554e68813713dc"}
,"/home/vikenfalk/Documents/CodingFolder/code-challenge/src/pages/NotFound.js": {"path":"/home/vikenfalk/Documents/CodingFolder/code-challenge/src/pages/NotFound.js","statementMap":{"0":{"start":{"line":10,"column":17},"end":{"line":26,"column":1}},"1":{"start":{"line":11,"column":20},"end":{"line":11,"column":32}},"2":{"start":{"line":13,"column":19},"end":{"line":15,"column":5}},"3":{"start":{"line":14,"column":8},"end":{"line":14,"column":26}},"4":{"start":{"line":17,"column":4},"end":{"line":25,"column":6}}},"fnMap":{"0":{"name":"(anonymous_0)","decl":{"start":{"line":10,"column":17},"end":{"line":10,"column":18}},"loc":{"start":{"line":10,"column":23},"end":{"line":26,"column":1}},"line":10},"1":{"name":"(anonymous_1)","decl":{"start":{"line":13,"column":19},"end":{"line":13,"column":20}},"loc":{"start":{"line":13,"column":25},"end":{"line":15,"column":5}},"line":13}},"branchMap":{},"s":{"0":6,"1":6,"2":6,"3":1,"4":6},"f":{"0":6,"1":1},"b":{},"_coverageSchema":"1a1c01bbd47fc00a2c39e90264f33305004495a9","hash":"4f0ff293d82a2e9704571cd32fe43a9e4cc7f6a3"}
,"/home/vikenfalk/Documents/CodingFolder/code-challenge/src/pages/PersonalData.js": {"path":"/home/vikenfalk/Documents/CodingFolder/code-challenge/src/pages/PersonalData.js","statementMap":{"0":{"start":{"line":14,"column":21},"end":{"line":66,"column":1}},"1":{"start":{"line":22,"column":8},"end":{"line":22,"column":35}},"2":{"start":{"line":24,"column":22},"end":{"line":24,"column":66}},"3":{"start":{"line":25,"column":20},"end":{"line":25,"column":32}},"4":{"start":{"line":27,"column":21},"end":{"line":30,"column":5}},"5":{"start":{"line":28,"column":8},"end":{"line":28,"column":35}},"6":{"start":{"line":29,"column":8},"end":{"line":29,"column":42}},"7":{"start":{"line":32,"column":19},"end":{"line":32,"column":41}},"8":{"start":{"line":32,"column":25},"end":{"line":32,"column":41}},"9":{"start":{"line":34,"column":4},"end":{"line":65,"column":6}}},"fnMap":{"0":{"name":"(anonymous_0)","decl":{"start":{"line":14,"column":21},"end":{"line":14,"column":22}},"loc":{"start":{"line":14,"column":27},"end":{"line":66,"column":1}},"line":14},"1":{"name":"(anonymous_1)","decl":{"start":{"line":27,"column":21},"end":{"line":27,"column":22}},"loc":{"start":{"line":27,"column":31},"end":{"line":30,"column":5}},"line":27},"2":{"name":"(anonymous_2)","decl":{"start":{"line":32,"column":19},"end":{"line":32,"column":20}},"loc":{"start":{"line":32,"column":25},"end":{"line":32,"column":41}},"line":32}},"branchMap":{},"s":{"0":6,"1":12,"2":12,"3":12,"4":12,"5":0,"6":0,"7":12,"8":1,"9":12},"f":{"0":12,"1":0,"2":1},"b":{},"_coverageSchema":"1a1c01bbd47fc00a2c39e90264f33305004495a9","hash":"2208cf9fc664357907231a9bf31332fc8dfe62e7"}
,"/home/vikenfalk/Documents/CodingFolder/code-challenge/src/pages/index.js": {"path":"/home/vikenfalk/Documents/CodingFolder/code-challenge/src/pages/index.js","statementMap":{},"fnMap":{},"branchMap":{},"s":{},"f":{},"b":{},"_coverageSchema":"1a1c01bbd47fc00a2c39e90264f33305004495a9","hash":"ee6e598e89bcc14501bd18086bce4272ac225e8c"}
,"/home/vikenfalk/Documents/CodingFolder/code-challenge/src/routes/routes.js": {"path":"/home/vikenfalk/Documents/CodingFolder/code-challenge/src/routes/routes.js","statementMap":{"0":{"start":{"line":17,"column":15},"end":{"line":29,"column":1}},"1":{"start":{"line":18,"column":4},"end":{"line":28,"column":13}}},"fnMap":{"0":{"name":"(anonymous_0)","decl":{"start":{"line":17,"column":15},"end":{"line":17,"column":16}},"loc":{"start":{"line":18,"column":4},"end":{"line":28,"column":13}},"line":18}},"branchMap":{},"s":{"0":1,"1":6},"f":{"0":6},"b":{},"_coverageSchema":"1a1c01bbd47fc00a2c39e90264f33305004495a9","hash":"5dab9562764088cc2af7c21b139a033a2358dd4b"}
,"/home/vikenfalk/Documents/CodingFolder/code-challenge/src/tests/testUtils.js": {"path":"/home/vikenfalk/Documents/CodingFolder/code-challenge/src/tests/testUtils.js","statementMap":{"0":{"start":{"line":9,"column":30},"end":{"line":10,"column":43}},"1":{"start":{"line":10,"column":4},"end":{"line":10,"column":43}},"2":{"start":{"line":19,"column":26},"end":{"line":26,"column":5}},"3":{"start":{"line":20,"column":4},"end":{"line":26,"column":5}}},"fnMap":{"0":{"name":"(anonymous_0)","decl":{"start":{"line":9,"column":30},"end":{"line":9,"column":31}},"loc":{"start":{"line":10,"column":4},"end":{"line":10,"column":43}},"line":10},"1":{"name":"(anonymous_1)","decl":{"start":{"line":19,"column":26},"end":{"line":19,"column":27}},"loc":{"start":{"line":20,"column":4},"end":{"line":26,"column":5}},"line":20}},"branchMap":{},"s":{"0":12,"1":25,"2":12,"3":7},"f":{"0":25,"1":7},"b":{},"_coverageSchema":"1a1c01bbd47fc00a2c39e90264f33305004495a9","hash":"7bae5f415999eb37d728d6468556e3492ed7e607"}
,"/home/vikenfalk/Documents/CodingFolder/code-challenge/src/tests/globalState/helperData/data.js": {"path":"/home/vikenfalk/Documents/CodingFolder/code-challenge/src/tests/globalState/helperData/data.js","statementMap":{"0":{"start":{"line":1,"column":27},"end":{"line":9,"column":1}}},"fnMap":{},"branchMap":{},"s":{"0":2},"f":{},"b":{},"_coverageSchema":"1a1c01bbd47fc00a2c39e90264f33305004495a9","hash":"8bff638e5be7807bb69f9f4cd4cedf4a1a3ba699"}
}
