TN:
SF:src/App.js
FN:8,App
FNF:1
FNH:0
FNDA:0,App
DA:6,0
DA:9,0
LF:2
LH:0
BRF:0
BRH:0
end_of_record
TN:
SF:src/index.js
FNF:0
FNH:0
DA:6,0
LF:1
LH:0
BRF:0
BRH:0
end_of_record
TN:
SF:src/api/apiStates.js
FNF:0
FNH:0
DA:5,14
LF:1
LH:1
BRF:0
BRH:0
end_of_record
TN:
SF:src/api/index.js
FNF:0
FNH:0
LF:0
LH:0
BRF:0
BRH:0
end_of_record
TN:
SF:src/api/useApi.js
FN:12,(anonymous_0)
FN:19,(anonymous_1)
FN:21,(anonymous_2)
FN:28,(anonymous_3)
FN:29,(anonymous_4)
FN:35,(anonymous_5)
FN:43,(anonymous_6)
FNF:7
FNH:7
FNDA:12,(anonymous_0)
FNDA:7,(anonymous_1)
FNDA:5,(anonymous_2)
FNDA:1,(anonymous_3)
FNDA:1,(anonymous_4)
FNDA:1,(anonymous_5)
FNDA:5,(anonymous_6)
DA:13,12
DA:19,12
DA:21,12
DA:22,5
DA:27,5
DA:28,1
DA:30,1
DA:36,1
DA:43,12
DA:44,5
DA:47,12
LF:11
LH:11
BRF:0
BRH:0
end_of_record
TN:
SF:src/components/Avatar.js
FN:14,(anonymous_0)
FN:17,(anonymous_1)
FNF:2
FNH:2
FNDA:6,(anonymous_0)
FNDA:6,(anonymous_1)
DA:14,13
DA:15,6
DA:17,6
DA:18,6
DA:20,0
DA:22,0
DA:28,6
DA:31,6
DA:34,13
LF:9
LH:7
BRDA:18,0,0,0
BRDA:18,0,1,0
BRDA:18,0,2,6
BRF:3
BRH:1
end_of_record
TN:
SF:src/components/ButtonPrimary.js
FN:13,(anonymous_0)
FN:15,(anonymous_1)
FNF:2
FNH:1
FNDA:26,(anonymous_0)
FNDA:0,(anonymous_1)
DA:13,13
DA:19,26
DA:32,13
LF:3
LH:3
BRDA:15,0,0,23
BRDA:16,1,0,4
BRDA:17,2,0,4
BRDA:25,3,0,6
BRDA:25,3,1,20
BRF:5
BRH:5
end_of_record
TN:
SF:src/components/ButtonSecondary.js
FN:11,(anonymous_0)
FN:11,(anonymous_1)
FNF:2
FNH:1
FNDA:29,(anonymous_0)
FNDA:0,(anonymous_1)
DA:11,13
DA:12,29
DA:21,13
LF:3
LH:3
BRDA:11,0,0,2
BRF:1
BRH:1
end_of_record
TN:
SF:src/components/CheckBox.js
FN:16,(anonymous_0)
FNF:1
FNH:1
FNDA:14,(anonymous_0)
DA:16,13
DA:17,14
DA:35,13
LF:3
LH:3
BRDA:16,0,0,10
BRDA:16,1,0,14
BRDA:27,2,0,14
BRDA:27,2,1,14
BRDA:27,2,2,2
BRF:5
BRH:5
end_of_record
TN:
SF:src/components/Error.js
FN:11,(anonymous_0)
FNF:1
FNH:1
FNDA:4,(anonymous_0)
DA:11,13
DA:12,4
DA:21,13
LF:3
LH:3
BRF:0
BRH:0
end_of_record
TN:
SF:src/components/Header.js
FN:10,(anonymous_0)
FNF:1
FNH:1
FNDA:23,(anonymous_0)
DA:10,13
DA:11,23
DA:16,13
LF:3
LH:3
BRF:0
BRH:0
end_of_record
TN:
SF:src/components/Loader.js
FN:8,(anonymous_0)
FNF:1
FNH:1
FNDA:8,(anonymous_0)
DA:8,13
DA:9,8
LF:2
LH:2
BRF:0
BRH:0
end_of_record
TN:
SF:src/components/TextInput.js
FN:17,(anonymous_0)
FNF:1
FNH:1
FNDA:45,(anonymous_0)
DA:17,13
DA:25,45
DA:52,13
LF:3
LH:3
BRDA:21,0,0,36
BRDA:22,1,0,45
BRDA:23,2,0,34
BRDA:39,3,0,45
BRDA:39,3,1,45
BRDA:39,3,2,5
BRDA:44,4,0,45
BRDA:44,4,1,45
BRDA:44,4,2,2
BRF:9
BRH:9
end_of_record
TN:
SF:src/components/index.js
FNF:0
FNH:0
LF:0
LH:0
BRF:0
BRH:0
end_of_record
TN:
SF:src/globalState/store.js
FNF:0
FNH:0
DA:5,1
LF:1
LH:1
BRF:0
BRH:0
end_of_record
TN:
SF:src/globalState/updateState.js
FN:9,(anonymous_0)
FNF:1
FNH:1
FNDA:1,(anonymous_0)
DA:9,7
DA:17,7
LF:2
LH:2
BRF:0
BRH:0
end_of_record
TN:
SF:src/pages/EmailAndConsent.js
FN:19,(anonymous_0)
FN:28,(anonymous_1)
FN:30,(anonymous_2)
FNF:3
FNH:1
FNDA:11,(anonymous_0)
FNDA:0,(anonymous_1)
FNDA:0,(anonymous_2)
DA:19,6
DA:24,11
DA:25,11
DA:26,11
DA:28,11
DA:30,11
DA:31,0
DA:32,0
DA:35,11
LF:9
LH:7
BRF:0
BRH:0
end_of_record
TN:
SF:src/pages/GitHubProfile.js
FN:12,(anonymous_0)
FN:17,(anonymous_1)
FNF:2
FNH:1
FNDA:3,(anonymous_0)
FNDA:0,(anonymous_1)
DA:12,6
DA:13,3
DA:14,3
DA:15,3
DA:17,3
DA:19,3
LF:6
LH:6
BRF:0
BRH:0
end_of_record
TN:
SF:src/pages/Intro.js
FN:10,(anonymous_0)
FN:13,(anonymous_1)
FN:25,(anonymous_2)
FNF:3
FNH:3
FNDA:6,(anonymous_0)
FNDA:1,(anonymous_1)
FNDA:1,(anonymous_2)
DA:10,6
DA:11,6
DA:13,6
DA:14,1
DA:17,6
DA:25,1
LF:6
LH:6
BRF:0
BRH:0
end_of_record
TN:
SF:src/pages/NotFound.js
FN:10,(anonymous_0)
FN:13,(anonymous_1)
FNF:2
FNH:2
FNDA:6,(anonymous_0)
FNDA:1,(anonymous_1)
DA:10,6
DA:11,6
DA:13,6
DA:14,1
DA:17,6
LF:5
LH:5
BRF:0
BRH:0
end_of_record
TN:
SF:src/pages/PersonalData.js
FN:14,(anonymous_0)
FN:27,(anonymous_1)
FN:32,(anonymous_2)
FNF:3
FNH:2
FNDA:12,(anonymous_0)
FNDA:0,(anonymous_1)
FNDA:1,(anonymous_2)
DA:14,6
DA:22,12
DA:24,12
DA:25,12
DA:27,12
DA:28,0
DA:29,0
DA:32,12
DA:34,12
LF:9
LH:7
BRF:0
BRH:0
end_of_record
TN:
SF:src/pages/index.js
FNF:0
FNH:0
LF:0
LH:0
BRF:0
BRH:0
end_of_record
TN:
SF:src/routes/routes.js
FN:17,(anonymous_0)
FNF:1
FNH:1
FNDA:6,(anonymous_0)
DA:17,1
DA:18,6
LF:2
LH:2
BRF:0
BRH:0
end_of_record
TN:
SF:src/tests/testUtils.js
FN:9,(anonymous_0)
FN:19,(anonymous_1)
FNF:2
FNH:2
FNDA:25,(anonymous_0)
FNDA:7,(anonymous_1)
DA:9,12
DA:10,25
DA:19,12
DA:20,7
LF:4
LH:4
BRF:0
BRH:0
end_of_record
TN:
SF:src/tests/globalState/helperData/data.js
FNF:0
FNH:0
DA:1,2
LF:1
LH:1
BRF:0
BRH:0
end_of_record
